-- The C compiler identification is GNU 13.3.0
-- The CXX compiler identification is GNU 13.3.0
-- Detecting C compiler ABI info
-- Detecting C compiler ABI info - done
-- Check for working C compiler: /usr/bin/cc - skipped
-- Detecting C compile features
-- Detecting C compile features - done
-- Detecting CXX compiler ABI info
-- Detecting CXX compiler ABI info - done
-- Check for working CXX compiler: /usr/bin/c++ - skipped
-- Detecting CXX compile features
-- Detecting CXX compile features - done
-- Found ament_cmake: 2.5.4 (/opt/ros/jazzy/share/ament_cmake/cmake)
-- Found Python3: /usr/bin/python3 (found version "3.12.3") found components: Interpreter 
-- Found ament_lint_auto: 0.17.3 (/opt/ros/jazzy/share/ament_lint_auto/cmake)
-- Added test 'lint_cmake' to check CMake code style
-- Added test 'xmllint' to check XML markup files
-- Configuring done (0.7s)
-- Generating done (0.0s)
-- Build files have been written to: /home/kelvo/ros2_swarm_ws/build/swarm_sim
-- Install configuration: ""
-- Installing: /home/kelvo/ros2_swarm_ws/install/swarm_sim/share/ament_index/resource_index/package_run_dependencies/swarm_sim
-- Installing: /home/kelvo/ros2_swarm_ws/install/swarm_sim/share/ament_index/resource_index/parent_prefix_path/swarm_sim
-- Installing: /home/kelvo/ros2_swarm_ws/install/swarm_sim/share/swarm_sim/environment/ament_prefix_path.sh
-- Installing: /home/kelvo/ros2_swarm_ws/install/swarm_sim/share/swarm_sim/environment/ament_prefix_path.dsv
-- Installing: /home/kelvo/ros2_swarm_ws/install/swarm_sim/share/swarm_sim/environment/path.sh
-- Installing: /home/kelvo/ros2_swarm_ws/install/swarm_sim/share/swarm_sim/environment/path.dsv
-- Installing: /home/kelvo/ros2_swarm_ws/install/swarm_sim/share/swarm_sim/local_setup.bash
-- Installing: /home/kelvo/ros2_swarm_ws/install/swarm_sim/share/swarm_sim/local_setup.sh
-- Installing: /home/kelvo/ros2_swarm_ws/install/swarm_sim/share/swarm_sim/local_setup.zsh
-- Installing: /home/kelvo/ros2_swarm_ws/install/swarm_sim/share/swarm_sim/local_setup.dsv
-- Installing: /home/kelvo/ros2_swarm_ws/install/swarm_sim/share/swarm_sim/package.dsv
-- Installing: /home/kelvo/ros2_swarm_ws/install/swarm_sim/share/ament_index/resource_index/packages/swarm_sim
-- Installing: /home/kelvo/ros2_swarm_ws/install/swarm_sim/share/swarm_sim/cmake/swarm_simConfig.cmake
-- Installing: /home/kelvo/ros2_swarm_ws/install/swarm_sim/share/swarm_sim/cmake/swarm_simConfig-version.cmake
-- Installing: /home/kelvo/ros2_swarm_ws/install/swarm_sim/share/swarm_sim/package.xml
