[0.152s] Invoking command in '/home/kelvo/ros2_swarm_ws/build/swarm_sim': CMAKE_PREFIX_PATH=${CMAKE_PREFIX_PATH}:/home/kelvo/ros2_ws/install/py_pubsub:/home/kelvo/ros2_ws/install/my_package:/home/kelvo/ros2_ws/install/multi_robot_demo:/home/kelvo/ros2_ws/install/launch_testing_examples:/home/kelvo/ros2_ws/install/examples_rclpy_pointcloud_publisher:/home/kelvo/ros2_ws/install/examples_rclpy_minimal_subscriber:/home/kelvo/ros2_ws/install/examples_rclpy_minimal_service:/home/kelvo/ros2_ws/install/examples_rclpy_minimal_publisher:/home/kelvo/ros2_ws/install/examples_rclpy_minimal_client:/home/kelvo/ros2_ws/install/examples_rclpy_minimal_action_server:/home/kelvo/ros2_ws/install/examples_rclpy_minimal_action_client:/home/kelvo/ros2_ws/install/examples_rclpy_guard_conditions:/home/kelvo/ros2_ws/install/examples_rclpy_executors:/opt/ros/jazzy DEBUGINFOD_URLS=https://debuginfod.ubuntu.com /usr/bin/cmake /home/kelvo/ros2_swarm_ws/src/swarm_sim -DCMAKE_INSTALL_PREFIX=/home/kelvo/ros2_swarm_ws/install/swarm_sim
[0.252s] -- The C compiler identification is GNU 13.3.0
[0.323s] -- The CXX compiler identification is GNU 13.3.0
[0.340s] -- Detecting C compiler ABI info
[0.420s] -- Detecting C compiler ABI info - done
[0.425s] -- Check for working C compiler: /usr/bin/cc - skipped
[0.425s] -- Detecting C compile features
[0.425s] -- Detecting C compile features - done
[0.437s] -- Detecting CXX compiler ABI info
[0.524s] -- Detecting CXX compiler ABI info - done
[0.531s] -- Check for working CXX compiler: /usr/bin/c++ - skipped
[0.532s] -- Detecting CXX compile features
[0.532s] -- Detecting CXX compile features - done
[0.536s] -- Found ament_cmake: 2.5.4 (/opt/ros/jazzy/share/ament_cmake/cmake)
[0.677s] -- Found Python3: /usr/bin/python3 (found version "3.12.3") found components: Interpreter 
[0.800s] -- Found ament_lint_auto: 0.17.3 (/opt/ros/jazzy/share/ament_lint_auto/cmake)
[0.883s] -- Added test 'lint_cmake' to check CMake code style
[0.885s] -- Added test 'xmllint' to check XML markup files
[0.886s] -- Configuring done (0.7s)
[0.888s] -- Generating done (0.0s)
[0.889s] -- Build files have been written to: /home/kelvo/ros2_swarm_ws/build/swarm_sim
[0.893s] Invoked command in '/home/kelvo/ros2_swarm_ws/build/swarm_sim' returned '0': CMAKE_PREFIX_PATH=${CMAKE_PREFIX_PATH}:/home/kelvo/ros2_ws/install/py_pubsub:/home/kelvo/ros2_ws/install/my_package:/home/kelvo/ros2_ws/install/multi_robot_demo:/home/kelvo/ros2_ws/install/launch_testing_examples:/home/kelvo/ros2_ws/install/examples_rclpy_pointcloud_publisher:/home/kelvo/ros2_ws/install/examples_rclpy_minimal_subscriber:/home/kelvo/ros2_ws/install/examples_rclpy_minimal_service:/home/kelvo/ros2_ws/install/examples_rclpy_minimal_publisher:/home/kelvo/ros2_ws/install/examples_rclpy_minimal_client:/home/kelvo/ros2_ws/install/examples_rclpy_minimal_action_server:/home/kelvo/ros2_ws/install/examples_rclpy_minimal_action_client:/home/kelvo/ros2_ws/install/examples_rclpy_guard_conditions:/home/kelvo/ros2_ws/install/examples_rclpy_executors:/opt/ros/jazzy DEBUGINFOD_URLS=https://debuginfod.ubuntu.com /usr/bin/cmake /home/kelvo/ros2_swarm_ws/src/swarm_sim -DCMAKE_INSTALL_PREFIX=/home/kelvo/ros2_swarm_ws/install/swarm_sim
[0.897s] Invoking command in '/home/kelvo/ros2_swarm_ws/build/swarm_sim': CMAKE_PREFIX_PATH=${CMAKE_PREFIX_PATH}:/home/kelvo/ros2_ws/install/py_pubsub:/home/kelvo/ros2_ws/install/my_package:/home/kelvo/ros2_ws/install/multi_robot_demo:/home/kelvo/ros2_ws/install/launch_testing_examples:/home/kelvo/ros2_ws/install/examples_rclpy_pointcloud_publisher:/home/kelvo/ros2_ws/install/examples_rclpy_minimal_subscriber:/home/kelvo/ros2_ws/install/examples_rclpy_minimal_service:/home/kelvo/ros2_ws/install/examples_rclpy_minimal_publisher:/home/kelvo/ros2_ws/install/examples_rclpy_minimal_client:/home/kelvo/ros2_ws/install/examples_rclpy_minimal_action_server:/home/kelvo/ros2_ws/install/examples_rclpy_minimal_action_client:/home/kelvo/ros2_ws/install/examples_rclpy_guard_conditions:/home/kelvo/ros2_ws/install/examples_rclpy_executors:/opt/ros/jazzy DEBUGINFOD_URLS=https://debuginfod.ubuntu.com /usr/bin/cmake --build /home/kelvo/ros2_swarm_ws/build/swarm_sim -- -j22 -l22
[0.934s] Invoked command in '/home/kelvo/ros2_swarm_ws/build/swarm_sim' returned '0': CMAKE_PREFIX_PATH=${CMAKE_PREFIX_PATH}:/home/kelvo/ros2_ws/install/py_pubsub:/home/kelvo/ros2_ws/install/my_package:/home/kelvo/ros2_ws/install/multi_robot_demo:/home/kelvo/ros2_ws/install/launch_testing_examples:/home/kelvo/ros2_ws/install/examples_rclpy_pointcloud_publisher:/home/kelvo/ros2_ws/install/examples_rclpy_minimal_subscriber:/home/kelvo/ros2_ws/install/examples_rclpy_minimal_service:/home/kelvo/ros2_ws/install/examples_rclpy_minimal_publisher:/home/kelvo/ros2_ws/install/examples_rclpy_minimal_client:/home/kelvo/ros2_ws/install/examples_rclpy_minimal_action_server:/home/kelvo/ros2_ws/install/examples_rclpy_minimal_action_client:/home/kelvo/ros2_ws/install/examples_rclpy_guard_conditions:/home/kelvo/ros2_ws/install/examples_rclpy_executors:/opt/ros/jazzy DEBUGINFOD_URLS=https://debuginfod.ubuntu.com /usr/bin/cmake --build /home/kelvo/ros2_swarm_ws/build/swarm_sim -- -j22 -l22
[0.942s] Invoking command in '/home/kelvo/ros2_swarm_ws/build/swarm_sim': CMAKE_PREFIX_PATH=${CMAKE_PREFIX_PATH}:/home/kelvo/ros2_ws/install/py_pubsub:/home/kelvo/ros2_ws/install/my_package:/home/kelvo/ros2_ws/install/multi_robot_demo:/home/kelvo/ros2_ws/install/launch_testing_examples:/home/kelvo/ros2_ws/install/examples_rclpy_pointcloud_publisher:/home/kelvo/ros2_ws/install/examples_rclpy_minimal_subscriber:/home/kelvo/ros2_ws/install/examples_rclpy_minimal_service:/home/kelvo/ros2_ws/install/examples_rclpy_minimal_publisher:/home/kelvo/ros2_ws/install/examples_rclpy_minimal_client:/home/kelvo/ros2_ws/install/examples_rclpy_minimal_action_server:/home/kelvo/ros2_ws/install/examples_rclpy_minimal_action_client:/home/kelvo/ros2_ws/install/examples_rclpy_guard_conditions:/home/kelvo/ros2_ws/install/examples_rclpy_executors:/opt/ros/jazzy DEBUGINFOD_URLS=https://debuginfod.ubuntu.com /usr/bin/cmake --install /home/kelvo/ros2_swarm_ws/build/swarm_sim
[0.948s] -- Install configuration: ""
[0.948s] -- Installing: /home/kelvo/ros2_swarm_ws/install/swarm_sim/share/ament_index/resource_index/package_run_dependencies/swarm_sim
[0.948s] -- Installing: /home/kelvo/ros2_swarm_ws/install/swarm_sim/share/ament_index/resource_index/parent_prefix_path/swarm_sim
[0.948s] -- Installing: /home/kelvo/ros2_swarm_ws/install/swarm_sim/share/swarm_sim/environment/ament_prefix_path.sh
[0.948s] -- Installing: /home/kelvo/ros2_swarm_ws/install/swarm_sim/share/swarm_sim/environment/ament_prefix_path.dsv
[0.948s] -- Installing: /home/kelvo/ros2_swarm_ws/install/swarm_sim/share/swarm_sim/environment/path.sh
[0.948s] -- Installing: /home/kelvo/ros2_swarm_ws/install/swarm_sim/share/swarm_sim/environment/path.dsv
[0.948s] -- Installing: /home/kelvo/ros2_swarm_ws/install/swarm_sim/share/swarm_sim/local_setup.bash
[0.948s] -- Installing: /home/kelvo/ros2_swarm_ws/install/swarm_sim/share/swarm_sim/local_setup.sh
[0.948s] -- Installing: /home/kelvo/ros2_swarm_ws/install/swarm_sim/share/swarm_sim/local_setup.zsh
[0.948s] -- Installing: /home/kelvo/ros2_swarm_ws/install/swarm_sim/share/swarm_sim/local_setup.dsv
[0.948s] -- Installing: /home/kelvo/ros2_swarm_ws/install/swarm_sim/share/swarm_sim/package.dsv
[0.948s] -- Installing: /home/kelvo/ros2_swarm_ws/install/swarm_sim/share/ament_index/resource_index/packages/swarm_sim
[0.949s] -- Installing: /home/kelvo/ros2_swarm_ws/install/swarm_sim/share/swarm_sim/cmake/swarm_simConfig.cmake
[0.949s] -- Installing: /home/kelvo/ros2_swarm_ws/install/swarm_sim/share/swarm_sim/cmake/swarm_simConfig-version.cmake
[0.949s] -- Installing: /home/kelvo/ros2_swarm_ws/install/swarm_sim/share/swarm_sim/package.xml
[0.949s] Invoked command in '/home/kelvo/ros2_swarm_ws/build/swarm_sim' returned '0': CMAKE_PREFIX_PATH=${CMAKE_PREFIX_PATH}:/home/kelvo/ros2_ws/install/py_pubsub:/home/kelvo/ros2_ws/install/my_package:/home/kelvo/ros2_ws/install/multi_robot_demo:/home/kelvo/ros2_ws/install/launch_testing_examples:/home/kelvo/ros2_ws/install/examples_rclpy_pointcloud_publisher:/home/kelvo/ros2_ws/install/examples_rclpy_minimal_subscriber:/home/kelvo/ros2_ws/install/examples_rclpy_minimal_service:/home/kelvo/ros2_ws/install/examples_rclpy_minimal_publisher:/home/kelvo/ros2_ws/install/examples_rclpy_minimal_client:/home/kelvo/ros2_ws/install/examples_rclpy_minimal_action_server:/home/kelvo/ros2_ws/install/examples_rclpy_minimal_action_client:/home/kelvo/ros2_ws/install/examples_rclpy_guard_conditions:/home/kelvo/ros2_ws/install/examples_rclpy_executors:/opt/ros/jazzy DEBUGINFOD_URLS=https://debuginfod.ubuntu.com /usr/bin/cmake --install /home/kelvo/ros2_swarm_ws/build/swarm_sim
