running egg_info
creating ../../build/swarm_control/swarm_control.egg-info
writing ../../build/swarm_control/swarm_control.egg-info/PKG-INFO
writing dependency_links to ../../build/swarm_control/swarm_control.egg-info/dependency_links.txt
writing entry points to ../../build/swarm_control/swarm_control.egg-info/entry_points.txt
writing requirements to ../../build/swarm_control/swarm_control.egg-info/requires.txt
writing top-level names to ../../build/swarm_control/swarm_control.egg-info/top_level.txt
writing manifest file '../../build/swarm_control/swarm_control.egg-info/SOURCES.txt'
reading manifest file '../../build/swarm_control/swarm_control.egg-info/SOURCES.txt'
writing manifest file '../../build/swarm_control/swarm_control.egg-info/SOURCES.txt'
running build
running install
running install_data
creating /home/kelvo/ros2_swarm_ws/install/swarm_control/share/ament_index
creating /home/kelvo/ros2_swarm_ws/install/swarm_control/share/ament_index/resource_index
creating /home/kelvo/ros2_swarm_ws/install/swarm_control/share/ament_index/resource_index/packages
copying resource/swarm_control -> /home/kelvo/ros2_swarm_ws/install/swarm_control/share/ament_index/resource_index/packages
copying package.xml -> /home/kelvo/ros2_swarm_ws/install/swarm_control/share/swarm_control
running install_egg_info
Copying ../../build/swarm_control/swarm_control.egg-info to /home/kelvo/ros2_swarm_ws/install/swarm_control/lib/python3.12/site-packages/swarm_control-0.0.0-py3.12.egg-info
running install_scripts
Installing swarm_controller script to /home/kelvo/ros2_swarm_ws/install/swarm_control/lib/swarm_control
writing list of installed files to '/home/kelvo/ros2_swarm_ws/build/swarm_control/install.log'
