[0.607s] Invoking command in '/home/kelvo/ros2_swarm_ws/src/swarm_control': DEBUGINFOD_URLS=https://debuginfod.ubuntu.com PYTHONPATH=/home/kelvo/ros2_swarm_ws/build/swarm_control/prefix_override:/usr/lib/python3/dist-packages/colcon_core/task/python/colcon_distutils_commands:/home/kelvo/ros2_swarm_ws/install/swarm_control/lib/python3.12/site-packages:${PYTHONPATH} /usr/bin/python3 -W ignore:setup.py install is deprecated -W ignore:easy_install command is deprecated setup.py egg_info --egg-base ../../build/swarm_control build --build-base /home/kelvo/ros2_swarm_ws/build/swarm_control/build install --record /home/kelvo/ros2_swarm_ws/build/swarm_control/install.log --single-version-externally-managed install_data
[0.774s] running egg_info
[0.775s] creating ../../build/swarm_control/swarm_control.egg-info
[0.785s] writing ../../build/swarm_control/swarm_control.egg-info/PKG-INFO
[0.786s] writing dependency_links to ../../build/swarm_control/swarm_control.egg-info/dependency_links.txt
[0.786s] writing entry points to ../../build/swarm_control/swarm_control.egg-info/entry_points.txt
[0.786s] writing requirements to ../../build/swarm_control/swarm_control.egg-info/requires.txt
[0.786s] writing top-level names to ../../build/swarm_control/swarm_control.egg-info/top_level.txt
[0.786s] writing manifest file '../../build/swarm_control/swarm_control.egg-info/SOURCES.txt'
[0.797s] reading manifest file '../../build/swarm_control/swarm_control.egg-info/SOURCES.txt'
[0.797s] writing manifest file '../../build/swarm_control/swarm_control.egg-info/SOURCES.txt'
[0.797s] running build
[0.797s] running install
[0.801s] running install_data
[0.801s] creating /home/kelvo/ros2_swarm_ws/install/swarm_control/share/ament_index
[0.801s] creating /home/kelvo/ros2_swarm_ws/install/swarm_control/share/ament_index/resource_index
[0.801s] creating /home/kelvo/ros2_swarm_ws/install/swarm_control/share/ament_index/resource_index/packages
[0.801s] copying resource/swarm_control -> /home/kelvo/ros2_swarm_ws/install/swarm_control/share/ament_index/resource_index/packages
[0.801s] copying package.xml -> /home/kelvo/ros2_swarm_ws/install/swarm_control/share/swarm_control
[0.801s] running install_egg_info
[0.826s] Copying ../../build/swarm_control/swarm_control.egg-info to /home/kelvo/ros2_swarm_ws/install/swarm_control/lib/python3.12/site-packages/swarm_control-0.0.0-py3.12.egg-info
[0.826s] running install_scripts
[0.910s] Installing swarm_controller script to /home/kelvo/ros2_swarm_ws/install/swarm_control/lib/swarm_control
[0.910s] writing list of installed files to '/home/kelvo/ros2_swarm_ws/build/swarm_control/install.log'
[0.929s] Invoked command in '/home/kelvo/ros2_swarm_ws/src/swarm_control' returned '0': DEBUGINFOD_URLS=https://debuginfod.ubuntu.com PYTHONPATH=/home/kelvo/ros2_swarm_ws/build/swarm_control/prefix_override:/usr/lib/python3/dist-packages/colcon_core/task/python/colcon_distutils_commands:/home/kelvo/ros2_swarm_ws/install/swarm_control/lib/python3.12/site-packages:${PYTHONPATH} /usr/bin/python3 -W ignore:setup.py install is deprecated -W ignore:easy_install command is deprecated setup.py egg_info --egg-base ../../build/swarm_control build --build-base /home/kelvo/ros2_swarm_ws/build/swarm_control/build install --record /home/kelvo/ros2_swarm_ws/build/swarm_control/install.log --single-version-externally-managed install_data
