[0.076s] DEBUG:colcon:Command line arguments: ['/usr/bin/colcon', 'build']
[0.076s] DEBUG:colcon:Parsed command line arguments: Namespace(log_base=None, log_level=None, verb_name='build', build_base='build', install_base='install', merge_install=False, symlink_install=False, test_result_base=None, continue_on_error=False, executor='parallel', parallel_workers=22, event_handlers=None, ignore_user_meta=False, metas=['./colcon.meta'], base_paths=['.'], packages_ignore=None, packages_ignore_regex=None, paths=None, packages_up_to=None, packages_up_to_regex=None, packages_above=None, packages_above_and_dependencies=None, packages_above_depth=None, packages_select_by_dep=None, packages_skip_by_dep=None, packages_skip_up_to=None, packages_select_build_failed=False, packages_skip_build_finished=False, packages_select_test_failures=False, packages_skip_test_passed=False, packages_select=None, packages_skip=None, packages_select_regex=None, packages_skip_regex=None, packages_start=None, packages_end=None, allow_overriding=[], cmake_args=None, cmake_target=None, cmake_target_skip_unavailable=False, cmake_clean_cache=False, cmake_clean_first=False, cmake_force_configure=False, ament_cmake_args=None, catkin_cmake_args=None, catkin_skip_building_tests=False, mixin_files=None, mixin=None, verb_parser=<colcon_mixin.mixin.mixin_argument.MixinArgumentDecorator object at 0x74c8711f9a60>, verb_extension=<colcon_core.verb.build.BuildVerb object at 0x74c871109ca0>, main=<bound method BuildVerb.main of <colcon_core.verb.build.BuildVerb object at 0x74c871109ca0>>, mixin_verb=('build',))
[0.100s] Level 1:colcon.colcon_core.package_discovery:discover_packages(colcon_meta) check parameters
[0.100s] Level 1:colcon.colcon_core.package_discovery:discover_packages(recursive) check parameters
[0.100s] Level 1:colcon.colcon_core.package_discovery:discover_packages(ignore) check parameters
[0.100s] Level 1:colcon.colcon_core.package_discovery:discover_packages(path) check parameters
[0.100s] Level 1:colcon.colcon_core.package_discovery:discover_packages(colcon_meta) discover
[0.100s] Level 1:colcon.colcon_core.package_discovery:discover_packages(recursive) discover
[0.100s] INFO:colcon.colcon_core.package_discovery:Crawling recursively for packages in '/home/kelvo/ros2_swarm_ws'
[0.100s] Level 1:colcon.colcon_core.package_identification:_identify(.) by extensions ['ignore', 'ignore_ament_install']
[0.100s] Level 1:colcon.colcon_core.package_identification:_identify(.) by extension 'ignore'
[0.100s] Level 1:colcon.colcon_core.package_identification:_identify(.) by extension 'ignore_ament_install'
[0.100s] Level 1:colcon.colcon_core.package_identification:_identify(.) by extensions ['colcon_pkg']
[0.100s] Level 1:colcon.colcon_core.package_identification:_identify(.) by extension 'colcon_pkg'
[0.100s] Level 1:colcon.colcon_core.package_identification:_identify(.) by extensions ['colcon_meta']
[0.100s] Level 1:colcon.colcon_core.package_identification:_identify(.) by extension 'colcon_meta'
[0.100s] Level 1:colcon.colcon_core.package_identification:_identify(.) by extensions ['ros']
[0.100s] Level 1:colcon.colcon_core.package_identification:_identify(.) by extension 'ros'
[0.117s] Level 1:colcon.colcon_core.package_identification:_identify(.) by extensions ['cmake', 'python']
[0.118s] Level 1:colcon.colcon_core.package_identification:_identify(.) by extension 'cmake'
[0.118s] Level 1:colcon.colcon_core.package_identification:_identify(.) by extension 'python'
[0.118s] Level 1:colcon.colcon_core.package_identification:_identify(.) by extensions ['python_setup_py']
[0.118s] Level 1:colcon.colcon_core.package_identification:_identify(.) by extension 'python_setup_py'
[0.118s] Level 1:colcon.colcon_core.package_identification:_identify(build) by extensions ['ignore', 'ignore_ament_install']
[0.118s] Level 1:colcon.colcon_core.package_identification:_identify(build) by extension 'ignore'
[0.118s] Level 1:colcon.colcon_core.package_identification:_identify(build) ignored
[0.118s] Level 1:colcon.colcon_core.package_identification:_identify(install) by extensions ['ignore', 'ignore_ament_install']
[0.118s] Level 1:colcon.colcon_core.package_identification:_identify(install) by extension 'ignore'
[0.118s] Level 1:colcon.colcon_core.package_identification:_identify(install) ignored
[0.118s] Level 1:colcon.colcon_core.package_identification:_identify(log) by extensions ['ignore', 'ignore_ament_install']
[0.118s] Level 1:colcon.colcon_core.package_identification:_identify(log) by extension 'ignore'
[0.118s] Level 1:colcon.colcon_core.package_identification:_identify(log) ignored
[0.118s] Level 1:colcon.colcon_core.package_identification:_identify(src) by extensions ['ignore', 'ignore_ament_install']
[0.118s] Level 1:colcon.colcon_core.package_identification:_identify(src) by extension 'ignore'
[0.118s] Level 1:colcon.colcon_core.package_identification:_identify(src) by extension 'ignore_ament_install'
[0.119s] Level 1:colcon.colcon_core.package_identification:_identify(src) by extensions ['colcon_pkg']
[0.119s] Level 1:colcon.colcon_core.package_identification:_identify(src) by extension 'colcon_pkg'
[0.119s] Level 1:colcon.colcon_core.package_identification:_identify(src) by extensions ['colcon_meta']
[0.119s] Level 1:colcon.colcon_core.package_identification:_identify(src) by extension 'colcon_meta'
[0.119s] Level 1:colcon.colcon_core.package_identification:_identify(src) by extensions ['ros']
[0.119s] Level 1:colcon.colcon_core.package_identification:_identify(src) by extension 'ros'
[0.119s] Level 1:colcon.colcon_core.package_identification:_identify(src) by extensions ['cmake', 'python']
[0.119s] Level 1:colcon.colcon_core.package_identification:_identify(src) by extension 'cmake'
[0.119s] Level 1:colcon.colcon_core.package_identification:_identify(src) by extension 'python'
[0.119s] Level 1:colcon.colcon_core.package_identification:_identify(src) by extensions ['python_setup_py']
[0.119s] Level 1:colcon.colcon_core.package_identification:_identify(src) by extension 'python_setup_py'
[0.119s] Level 1:colcon.colcon_core.package_identification:_identify(src/swarm_control) by extensions ['ignore', 'ignore_ament_install']
[0.119s] Level 1:colcon.colcon_core.package_identification:_identify(src/swarm_control) by extension 'ignore'
[0.119s] Level 1:colcon.colcon_core.package_identification:_identify(src/swarm_control) by extension 'ignore_ament_install'
[0.119s] Level 1:colcon.colcon_core.package_identification:_identify(src/swarm_control) by extensions ['colcon_pkg']
[0.119s] Level 1:colcon.colcon_core.package_identification:_identify(src/swarm_control) by extension 'colcon_pkg'
[0.119s] Level 1:colcon.colcon_core.package_identification:_identify(src/swarm_control) by extensions ['colcon_meta']
[0.119s] Level 1:colcon.colcon_core.package_identification:_identify(src/swarm_control) by extension 'colcon_meta'
[0.119s] Level 1:colcon.colcon_core.package_identification:_identify(src/swarm_control) by extensions ['ros']
[0.119s] Level 1:colcon.colcon_core.package_identification:_identify(src/swarm_control) by extension 'ros'
[0.121s] DEBUG:colcon.colcon_core.package_identification:Package 'src/swarm_control' with type 'ros.ament_python' and name 'swarm_control'
[0.121s] Level 1:colcon.colcon_core.package_identification:_identify(src/swarm_sim) by extensions ['ignore', 'ignore_ament_install']
[0.121s] Level 1:colcon.colcon_core.package_identification:_identify(src/swarm_sim) by extension 'ignore'
[0.121s] Level 1:colcon.colcon_core.package_identification:_identify(src/swarm_sim) by extension 'ignore_ament_install'
[0.121s] Level 1:colcon.colcon_core.package_identification:_identify(src/swarm_sim) by extensions ['colcon_pkg']
[0.121s] Level 1:colcon.colcon_core.package_identification:_identify(src/swarm_sim) by extension 'colcon_pkg'
[0.121s] Level 1:colcon.colcon_core.package_identification:_identify(src/swarm_sim) by extensions ['colcon_meta']
[0.121s] Level 1:colcon.colcon_core.package_identification:_identify(src/swarm_sim) by extension 'colcon_meta'
[0.121s] Level 1:colcon.colcon_core.package_identification:_identify(src/swarm_sim) by extensions ['ros']
[0.121s] Level 1:colcon.colcon_core.package_identification:_identify(src/swarm_sim) by extension 'ros'
[0.121s] DEBUG:colcon.colcon_core.package_identification:Package 'src/swarm_sim' with type 'ros.ament_cmake' and name 'swarm_sim'
[0.121s] Level 1:colcon.colcon_core.package_discovery:discover_packages(recursive) using defaults
[0.121s] Level 1:colcon.colcon_core.package_discovery:discover_packages(ignore) discover
[0.121s] Level 1:colcon.colcon_core.package_discovery:discover_packages(ignore) using defaults
[0.121s] Level 1:colcon.colcon_core.package_discovery:discover_packages(path) discover
[0.121s] Level 1:colcon.colcon_core.package_discovery:discover_packages(path) using defaults
[0.133s] Level 1:colcon.colcon_core.package_discovery:discover_packages(prefix_path) check parameters
[0.133s] Level 1:colcon.colcon_core.package_discovery:discover_packages(prefix_path) discover
[0.135s] DEBUG:colcon.colcon_installed_package_information.package_discovery:Found 2 installed packages in /home/kelvo/smash1_ws/install
[0.135s] DEBUG:colcon.colcon_installed_package_information.package_discovery:Found 27 installed packages in /home/kelvo/ros2_ws/install
[0.137s] DEBUG:colcon.colcon_installed_package_information.package_discovery:Found 500 installed packages in /opt/ros/jazzy
[0.139s] Level 1:colcon.colcon_core.package_discovery:discover_packages(prefix_path) using defaults
[0.176s] Level 5:colcon.colcon_core.verb:set package 'swarm_control' build argument 'cmake_args' from command line to 'None'
[0.176s] Level 5:colcon.colcon_core.verb:set package 'swarm_control' build argument 'cmake_target' from command line to 'None'
[0.176s] Level 5:colcon.colcon_core.verb:set package 'swarm_control' build argument 'cmake_target_skip_unavailable' from command line to 'False'
[0.176s] Level 5:colcon.colcon_core.verb:set package 'swarm_control' build argument 'cmake_clean_cache' from command line to 'False'
[0.176s] Level 5:colcon.colcon_core.verb:set package 'swarm_control' build argument 'cmake_clean_first' from command line to 'False'
[0.176s] Level 5:colcon.colcon_core.verb:set package 'swarm_control' build argument 'cmake_force_configure' from command line to 'False'
[0.176s] Level 5:colcon.colcon_core.verb:set package 'swarm_control' build argument 'ament_cmake_args' from command line to 'None'
[0.176s] Level 5:colcon.colcon_core.verb:set package 'swarm_control' build argument 'catkin_cmake_args' from command line to 'None'
[0.176s] Level 5:colcon.colcon_core.verb:set package 'swarm_control' build argument 'catkin_skip_building_tests' from command line to 'False'
[0.176s] DEBUG:colcon.colcon_core.verb:Building package 'swarm_control' with the following arguments: {'ament_cmake_args': None, 'build_base': '/home/kelvo/ros2_swarm_ws/build/swarm_control', 'catkin_cmake_args': None, 'catkin_skip_building_tests': False, 'cmake_args': None, 'cmake_clean_cache': False, 'cmake_clean_first': False, 'cmake_force_configure': False, 'cmake_target': None, 'cmake_target_skip_unavailable': False, 'install_base': '/home/kelvo/ros2_swarm_ws/install/swarm_control', 'merge_install': False, 'path': '/home/kelvo/ros2_swarm_ws/src/swarm_control', 'symlink_install': False, 'test_result_base': None}
[0.176s] Level 5:colcon.colcon_core.verb:set package 'swarm_sim' build argument 'cmake_args' from command line to 'None'
[0.176s] Level 5:colcon.colcon_core.verb:set package 'swarm_sim' build argument 'cmake_target' from command line to 'None'
[0.176s] Level 5:colcon.colcon_core.verb:set package 'swarm_sim' build argument 'cmake_target_skip_unavailable' from command line to 'False'
[0.176s] Level 5:colcon.colcon_core.verb:set package 'swarm_sim' build argument 'cmake_clean_cache' from command line to 'False'
[0.176s] Level 5:colcon.colcon_core.verb:set package 'swarm_sim' build argument 'cmake_clean_first' from command line to 'False'
[0.176s] Level 5:colcon.colcon_core.verb:set package 'swarm_sim' build argument 'cmake_force_configure' from command line to 'False'
[0.176s] Level 5:colcon.colcon_core.verb:set package 'swarm_sim' build argument 'ament_cmake_args' from command line to 'None'
[0.176s] Level 5:colcon.colcon_core.verb:set package 'swarm_sim' build argument 'catkin_cmake_args' from command line to 'None'
[0.176s] Level 5:colcon.colcon_core.verb:set package 'swarm_sim' build argument 'catkin_skip_building_tests' from command line to 'False'
[0.176s] DEBUG:colcon.colcon_core.verb:Building package 'swarm_sim' with the following arguments: {'ament_cmake_args': None, 'build_base': '/home/kelvo/ros2_swarm_ws/build/swarm_sim', 'catkin_cmake_args': None, 'catkin_skip_building_tests': False, 'cmake_args': None, 'cmake_clean_cache': False, 'cmake_clean_first': False, 'cmake_force_configure': False, 'cmake_target': None, 'cmake_target_skip_unavailable': False, 'install_base': '/home/kelvo/ros2_swarm_ws/install/swarm_sim', 'merge_install': False, 'path': '/home/kelvo/ros2_swarm_ws/src/swarm_sim', 'symlink_install': False, 'test_result_base': None}
[0.177s] INFO:colcon.colcon_core.executor:Executing jobs using 'parallel' executor
[0.177s] DEBUG:colcon.colcon_parallel_executor.executor.parallel:run_until_complete
[0.178s] INFO:colcon.colcon_ros.task.ament_python.build:Building ROS package in '/home/kelvo/ros2_swarm_ws/src/swarm_control' with build type 'ament_python'
[0.178s] Level 1:colcon.colcon_core.shell:create_environment_hook('swarm_control', 'ament_prefix_path')
[0.179s] INFO:colcon.colcon_core.plugin_system:Skipping extension 'colcon_core.shell.bat': Not used on non-Windows systems
[0.179s] INFO:colcon.colcon_core.shell:Creating environment hook '/home/kelvo/ros2_swarm_ws/install/swarm_control/share/swarm_control/hook/ament_prefix_path.ps1'
[0.180s] INFO:colcon.colcon_core.shell:Creating environment descriptor '/home/kelvo/ros2_swarm_ws/install/swarm_control/share/swarm_control/hook/ament_prefix_path.dsv'
[0.180s] INFO:colcon.colcon_core.shell:Creating environment hook '/home/kelvo/ros2_swarm_ws/install/swarm_control/share/swarm_control/hook/ament_prefix_path.sh'
[0.180s] INFO:colcon.colcon_core.shell:Skip shell extension 'powershell' for command environment: Not usable outside of PowerShell
[0.180s] DEBUG:colcon.colcon_core.shell:Skip shell extension 'dsv' for command environment
[0.184s] INFO:colcon.colcon_ros.task.ament_cmake.build:Building ROS package in '/home/kelvo/ros2_swarm_ws/src/swarm_sim' with build type 'ament_cmake'
[0.184s] INFO:colcon.colcon_cmake.task.cmake.build:Building CMake package in '/home/kelvo/ros2_swarm_ws/src/swarm_sim'
[0.184s] INFO:colcon.colcon_core.shell:Skip shell extension 'powershell' for command environment: Not usable outside of PowerShell
[0.184s] DEBUG:colcon.colcon_core.shell:Skip shell extension 'dsv' for command environment
[0.353s] INFO:colcon.colcon_core.task.python.build:Building Python package in '/home/kelvo/ros2_swarm_ws/src/swarm_control'
[0.353s] INFO:colcon.colcon_core.shell:Skip shell extension 'powershell' for command environment: Not usable outside of PowerShell
[0.353s] DEBUG:colcon.colcon_core.shell:Skip shell extension 'dsv' for command environment
[0.360s] DEBUG:colcon.colcon_core.event_handler.log_command:Invoking command in '/home/kelvo/ros2_swarm_ws/build/swarm_sim': CMAKE_PREFIX_PATH=${CMAKE_PREFIX_PATH}:/home/kelvo/ros2_ws/install/py_pubsub:/home/kelvo/ros2_ws/install/my_package:/home/kelvo/ros2_ws/install/multi_robot_demo:/home/kelvo/ros2_ws/install/launch_testing_examples:/home/kelvo/ros2_ws/install/examples_rclpy_pointcloud_publisher:/home/kelvo/ros2_ws/install/examples_rclpy_minimal_subscriber:/home/kelvo/ros2_ws/install/examples_rclpy_minimal_service:/home/kelvo/ros2_ws/install/examples_rclpy_minimal_publisher:/home/kelvo/ros2_ws/install/examples_rclpy_minimal_client:/home/kelvo/ros2_ws/install/examples_rclpy_minimal_action_server:/home/kelvo/ros2_ws/install/examples_rclpy_minimal_action_client:/home/kelvo/ros2_ws/install/examples_rclpy_guard_conditions:/home/kelvo/ros2_ws/install/examples_rclpy_executors:/opt/ros/jazzy DEBUGINFOD_URLS=https://debuginfod.ubuntu.com /usr/bin/cmake --build /home/kelvo/ros2_swarm_ws/build/swarm_sim -- -j22 -l22
[0.390s] DEBUG:colcon.colcon_core.event_handler.log_command:Invoked command in '/home/kelvo/ros2_swarm_ws/build/swarm_sim' returned '0': CMAKE_PREFIX_PATH=${CMAKE_PREFIX_PATH}:/home/kelvo/ros2_ws/install/py_pubsub:/home/kelvo/ros2_ws/install/my_package:/home/kelvo/ros2_ws/install/multi_robot_demo:/home/kelvo/ros2_ws/install/launch_testing_examples:/home/kelvo/ros2_ws/install/examples_rclpy_pointcloud_publisher:/home/kelvo/ros2_ws/install/examples_rclpy_minimal_subscriber:/home/kelvo/ros2_ws/install/examples_rclpy_minimal_service:/home/kelvo/ros2_ws/install/examples_rclpy_minimal_publisher:/home/kelvo/ros2_ws/install/examples_rclpy_minimal_client:/home/kelvo/ros2_ws/install/examples_rclpy_minimal_action_server:/home/kelvo/ros2_ws/install/examples_rclpy_minimal_action_client:/home/kelvo/ros2_ws/install/examples_rclpy_guard_conditions:/home/kelvo/ros2_ws/install/examples_rclpy_executors:/opt/ros/jazzy DEBUGINFOD_URLS=https://debuginfod.ubuntu.com /usr/bin/cmake --build /home/kelvo/ros2_swarm_ws/build/swarm_sim -- -j22 -l22
[0.400s] DEBUG:colcon.colcon_core.event_handler.log_command:Invoking command in '/home/kelvo/ros2_swarm_ws/build/swarm_sim': CMAKE_PREFIX_PATH=${CMAKE_PREFIX_PATH}:/home/kelvo/ros2_ws/install/py_pubsub:/home/kelvo/ros2_ws/install/my_package:/home/kelvo/ros2_ws/install/multi_robot_demo:/home/kelvo/ros2_ws/install/launch_testing_examples:/home/kelvo/ros2_ws/install/examples_rclpy_pointcloud_publisher:/home/kelvo/ros2_ws/install/examples_rclpy_minimal_subscriber:/home/kelvo/ros2_ws/install/examples_rclpy_minimal_service:/home/kelvo/ros2_ws/install/examples_rclpy_minimal_publisher:/home/kelvo/ros2_ws/install/examples_rclpy_minimal_client:/home/kelvo/ros2_ws/install/examples_rclpy_minimal_action_server:/home/kelvo/ros2_ws/install/examples_rclpy_minimal_action_client:/home/kelvo/ros2_ws/install/examples_rclpy_guard_conditions:/home/kelvo/ros2_ws/install/examples_rclpy_executors:/opt/ros/jazzy DEBUGINFOD_URLS=https://debuginfod.ubuntu.com /usr/bin/cmake --install /home/kelvo/ros2_swarm_ws/build/swarm_sim
[0.408s] Level 1:colcon.colcon_core.environment:create_environment_scripts_only(swarm_sim)
[0.408s] DEBUG:colcon.colcon_core.event_handler.log_command:Invoked command in '/home/kelvo/ros2_swarm_ws/build/swarm_sim' returned '0': CMAKE_PREFIX_PATH=${CMAKE_PREFIX_PATH}:/home/kelvo/ros2_ws/install/py_pubsub:/home/kelvo/ros2_ws/install/my_package:/home/kelvo/ros2_ws/install/multi_robot_demo:/home/kelvo/ros2_ws/install/launch_testing_examples:/home/kelvo/ros2_ws/install/examples_rclpy_pointcloud_publisher:/home/kelvo/ros2_ws/install/examples_rclpy_minimal_subscriber:/home/kelvo/ros2_ws/install/examples_rclpy_minimal_service:/home/kelvo/ros2_ws/install/examples_rclpy_minimal_publisher:/home/kelvo/ros2_ws/install/examples_rclpy_minimal_client:/home/kelvo/ros2_ws/install/examples_rclpy_minimal_action_server:/home/kelvo/ros2_ws/install/examples_rclpy_minimal_action_client:/home/kelvo/ros2_ws/install/examples_rclpy_guard_conditions:/home/kelvo/ros2_ws/install/examples_rclpy_executors:/opt/ros/jazzy DEBUGINFOD_URLS=https://debuginfod.ubuntu.com /usr/bin/cmake --install /home/kelvo/ros2_swarm_ws/build/swarm_sim
[0.411s] Level 1:colcon.colcon_core.environment:checking '/home/kelvo/ros2_swarm_ws/install/swarm_sim' for CMake module files
[0.411s] Level 1:colcon.colcon_core.environment:checking '/home/kelvo/ros2_swarm_ws/install/swarm_sim' for CMake config files
[0.411s] Level 1:colcon.colcon_core.shell:create_environment_hook('swarm_sim', 'cmake_prefix_path')
[0.411s] INFO:colcon.colcon_core.shell:Creating environment hook '/home/kelvo/ros2_swarm_ws/install/swarm_sim/share/swarm_sim/hook/cmake_prefix_path.ps1'
[0.412s] INFO:colcon.colcon_core.shell:Creating environment descriptor '/home/kelvo/ros2_swarm_ws/install/swarm_sim/share/swarm_sim/hook/cmake_prefix_path.dsv'
[0.412s] INFO:colcon.colcon_core.shell:Creating environment hook '/home/kelvo/ros2_swarm_ws/install/swarm_sim/share/swarm_sim/hook/cmake_prefix_path.sh'
[0.413s] Level 1:colcon.colcon_core.environment:checking '/home/kelvo/ros2_swarm_ws/install/swarm_sim/bin'
[0.413s] Level 1:colcon.colcon_core.environment:checking '/home/kelvo/ros2_swarm_ws/install/swarm_sim/lib/pkgconfig/swarm_sim.pc'
[0.413s] Level 1:colcon.colcon_core.environment:checking '/home/kelvo/ros2_swarm_ws/install/swarm_sim/lib/python3.12/site-packages'
[0.413s] Level 1:colcon.colcon_core.environment:checking '/home/kelvo/ros2_swarm_ws/install/swarm_sim/bin'
[0.414s] INFO:colcon.colcon_core.shell:Creating package script '/home/kelvo/ros2_swarm_ws/install/swarm_sim/share/swarm_sim/package.ps1'
[0.415s] INFO:colcon.colcon_core.shell:Creating package descriptor '/home/kelvo/ros2_swarm_ws/install/swarm_sim/share/swarm_sim/package.dsv'
[0.415s] INFO:colcon.colcon_core.shell:Creating package script '/home/kelvo/ros2_swarm_ws/install/swarm_sim/share/swarm_sim/package.sh'
[0.416s] INFO:colcon.colcon_core.shell:Creating package script '/home/kelvo/ros2_swarm_ws/install/swarm_sim/share/swarm_sim/package.bash'
[0.416s] INFO:colcon.colcon_core.shell:Creating package script '/home/kelvo/ros2_swarm_ws/install/swarm_sim/share/swarm_sim/package.zsh'
[0.417s] Level 1:colcon.colcon_core.environment:create_file_with_runtime_dependencies(/home/kelvo/ros2_swarm_ws/install/swarm_sim/share/colcon-core/packages/swarm_sim)
[0.417s] Level 1:colcon.colcon_core.environment:create_environment_scripts_only(swarm_sim)
[0.417s] Level 1:colcon.colcon_core.environment:checking '/home/kelvo/ros2_swarm_ws/install/swarm_sim' for CMake module files
[0.418s] Level 1:colcon.colcon_core.environment:checking '/home/kelvo/ros2_swarm_ws/install/swarm_sim' for CMake config files
[0.418s] Level 1:colcon.colcon_core.shell:create_environment_hook('swarm_sim', 'cmake_prefix_path')
[0.418s] INFO:colcon.colcon_core.shell:Creating environment hook '/home/kelvo/ros2_swarm_ws/install/swarm_sim/share/swarm_sim/hook/cmake_prefix_path.ps1'
[0.418s] INFO:colcon.colcon_core.shell:Creating environment descriptor '/home/kelvo/ros2_swarm_ws/install/swarm_sim/share/swarm_sim/hook/cmake_prefix_path.dsv'
[0.418s] INFO:colcon.colcon_core.shell:Creating environment hook '/home/kelvo/ros2_swarm_ws/install/swarm_sim/share/swarm_sim/hook/cmake_prefix_path.sh'
[0.419s] Level 1:colcon.colcon_core.environment:checking '/home/kelvo/ros2_swarm_ws/install/swarm_sim/bin'
[0.419s] Level 1:colcon.colcon_core.environment:checking '/home/kelvo/ros2_swarm_ws/install/swarm_sim/lib/pkgconfig/swarm_sim.pc'
[0.419s] Level 1:colcon.colcon_core.environment:checking '/home/kelvo/ros2_swarm_ws/install/swarm_sim/lib/python3.12/site-packages'
[0.419s] Level 1:colcon.colcon_core.environment:checking '/home/kelvo/ros2_swarm_ws/install/swarm_sim/bin'
[0.419s] INFO:colcon.colcon_core.shell:Creating package script '/home/kelvo/ros2_swarm_ws/install/swarm_sim/share/swarm_sim/package.ps1'
[0.420s] INFO:colcon.colcon_core.shell:Creating package descriptor '/home/kelvo/ros2_swarm_ws/install/swarm_sim/share/swarm_sim/package.dsv'
[0.420s] INFO:colcon.colcon_core.shell:Creating package script '/home/kelvo/ros2_swarm_ws/install/swarm_sim/share/swarm_sim/package.sh'
[0.420s] INFO:colcon.colcon_core.shell:Creating package script '/home/kelvo/ros2_swarm_ws/install/swarm_sim/share/swarm_sim/package.bash'
[0.421s] INFO:colcon.colcon_core.shell:Creating package script '/home/kelvo/ros2_swarm_ws/install/swarm_sim/share/swarm_sim/package.zsh'
[0.421s] Level 1:colcon.colcon_core.environment:create_file_with_runtime_dependencies(/home/kelvo/ros2_swarm_ws/install/swarm_sim/share/colcon-core/packages/swarm_sim)
[0.764s] DEBUG:colcon.colcon_core.event_handler.log_command:Invoking command in '/home/kelvo/ros2_swarm_ws/src/swarm_control': DEBUGINFOD_URLS=https://debuginfod.ubuntu.com PYTHONPATH=/home/kelvo/ros2_swarm_ws/build/swarm_control/prefix_override:/usr/lib/python3/dist-packages/colcon_core/task/python/colcon_distutils_commands:/home/kelvo/ros2_swarm_ws/install/swarm_control/lib/python3.12/site-packages:${PYTHONPATH} /usr/bin/python3 -W ignore:setup.py install is deprecated -W ignore:easy_install command is deprecated setup.py egg_info --egg-base ../../build/swarm_control build --build-base /home/kelvo/ros2_swarm_ws/build/swarm_control/build install --record /home/kelvo/ros2_swarm_ws/build/swarm_control/install.log --single-version-externally-managed install_data
[1.154s] Level 1:colcon.colcon_core.environment:checking '/home/kelvo/ros2_swarm_ws/install/swarm_control' for CMake module files
[1.155s] DEBUG:colcon.colcon_core.event_handler.log_command:Invoked command in '/home/kelvo/ros2_swarm_ws/src/swarm_control' returned '0': DEBUGINFOD_URLS=https://debuginfod.ubuntu.com PYTHONPATH=/home/kelvo/ros2_swarm_ws/build/swarm_control/prefix_override:/usr/lib/python3/dist-packages/colcon_core/task/python/colcon_distutils_commands:/home/kelvo/ros2_swarm_ws/install/swarm_control/lib/python3.12/site-packages:${PYTHONPATH} /usr/bin/python3 -W ignore:setup.py install is deprecated -W ignore:easy_install command is deprecated setup.py egg_info --egg-base ../../build/swarm_control build --build-base /home/kelvo/ros2_swarm_ws/build/swarm_control/build install --record /home/kelvo/ros2_swarm_ws/build/swarm_control/install.log --single-version-externally-managed install_data
[1.155s] Level 1:colcon.colcon_core.environment:checking '/home/kelvo/ros2_swarm_ws/install/swarm_control' for CMake config files
[1.156s] Level 1:colcon.colcon_core.environment:checking '/home/kelvo/ros2_swarm_ws/install/swarm_control/lib'
[1.156s] Level 1:colcon.colcon_core.environment:checking '/home/kelvo/ros2_swarm_ws/install/swarm_control/bin'
[1.156s] Level 1:colcon.colcon_core.environment:checking '/home/kelvo/ros2_swarm_ws/install/swarm_control/lib/pkgconfig/swarm_control.pc'
[1.156s] Level 1:colcon.colcon_core.environment:checking '/home/kelvo/ros2_swarm_ws/install/swarm_control/lib/python3.12/site-packages'
[1.156s] Level 1:colcon.colcon_core.shell:create_environment_hook('swarm_control', 'pythonpath')
[1.156s] INFO:colcon.colcon_core.shell:Creating environment hook '/home/kelvo/ros2_swarm_ws/install/swarm_control/share/swarm_control/hook/pythonpath.ps1'
[1.157s] INFO:colcon.colcon_core.shell:Creating environment descriptor '/home/kelvo/ros2_swarm_ws/install/swarm_control/share/swarm_control/hook/pythonpath.dsv'
[1.157s] INFO:colcon.colcon_core.shell:Creating environment hook '/home/kelvo/ros2_swarm_ws/install/swarm_control/share/swarm_control/hook/pythonpath.sh'
[1.157s] Level 1:colcon.colcon_core.environment:checking '/home/kelvo/ros2_swarm_ws/install/swarm_control/bin'
[1.157s] Level 1:colcon.colcon_core.environment:create_environment_scripts_only(swarm_control)
[1.157s] INFO:colcon.colcon_core.shell:Creating package script '/home/kelvo/ros2_swarm_ws/install/swarm_control/share/swarm_control/package.ps1'
[1.158s] INFO:colcon.colcon_core.shell:Creating package descriptor '/home/kelvo/ros2_swarm_ws/install/swarm_control/share/swarm_control/package.dsv'
[1.158s] INFO:colcon.colcon_core.shell:Creating package script '/home/kelvo/ros2_swarm_ws/install/swarm_control/share/swarm_control/package.sh'
[1.158s] INFO:colcon.colcon_core.shell:Creating package script '/home/kelvo/ros2_swarm_ws/install/swarm_control/share/swarm_control/package.bash'
[1.158s] INFO:colcon.colcon_core.shell:Creating package script '/home/kelvo/ros2_swarm_ws/install/swarm_control/share/swarm_control/package.zsh'
[1.159s] Level 1:colcon.colcon_core.environment:create_file_with_runtime_dependencies(/home/kelvo/ros2_swarm_ws/install/swarm_control/share/colcon-core/packages/swarm_control)
[1.159s] DEBUG:colcon.colcon_parallel_executor.executor.parallel:closing loop
[1.159s] DEBUG:colcon.colcon_parallel_executor.executor.parallel:loop closed
[1.159s] DEBUG:colcon.colcon_parallel_executor.executor.parallel:run_until_complete finished with '0'
[1.159s] DEBUG:colcon.colcon_core.event_reactor:joining thread
[1.164s] INFO:colcon.colcon_core.plugin_system:Skipping extension 'colcon_notification.desktop_notification.terminal_notifier': Not used on non-Darwin systems
[1.164s] INFO:colcon.colcon_core.plugin_system:Skipping extension 'colcon_notification.desktop_notification.win32': Not used on non-Windows systems
[1.164s] INFO:colcon.colcon_notification.desktop_notification:Sending desktop notification using 'notify2'
[1.176s] DEBUG:colcon.colcon_core.event_reactor:joined thread
[1.176s] INFO:colcon.colcon_core.shell:Creating prefix script '/home/kelvo/ros2_swarm_ws/install/local_setup.ps1'
[1.176s] INFO:colcon.colcon_core.shell:Creating prefix util module '/home/kelvo/ros2_swarm_ws/install/_local_setup_util_ps1.py'
[1.177s] INFO:colcon.colcon_core.shell:Creating prefix chain script '/home/kelvo/ros2_swarm_ws/install/setup.ps1'
[1.178s] INFO:colcon.colcon_core.shell:Creating prefix script '/home/kelvo/ros2_swarm_ws/install/local_setup.sh'
[1.178s] INFO:colcon.colcon_core.shell:Creating prefix util module '/home/kelvo/ros2_swarm_ws/install/_local_setup_util_sh.py'
[1.179s] INFO:colcon.colcon_core.shell:Creating prefix chain script '/home/kelvo/ros2_swarm_ws/install/setup.sh'
[1.180s] INFO:colcon.colcon_core.shell:Creating prefix script '/home/kelvo/ros2_swarm_ws/install/local_setup.bash'
[1.180s] INFO:colcon.colcon_core.shell:Creating prefix chain script '/home/kelvo/ros2_swarm_ws/install/setup.bash'
[1.181s] INFO:colcon.colcon_core.shell:Creating prefix script '/home/kelvo/ros2_swarm_ws/install/local_setup.zsh'
[1.181s] INFO:colcon.colcon_core.shell:Creating prefix chain script '/home/kelvo/ros2_swarm_ws/install/setup.zsh'
