running egg_info
writing ../../build/swarm_control/swarm_control.egg-info/PKG-INFO
writing dependency_links to ../../build/swarm_control/swarm_control.egg-info/dependency_links.txt
writing entry points to ../../build/swarm_control/swarm_control.egg-info/entry_points.txt
writing requirements to ../../build/swarm_control/swarm_control.egg-info/requires.txt
writing top-level names to ../../build/swarm_control/swarm_control.egg-info/top_level.txt
reading manifest file '../../build/swarm_control/swarm_control.egg-info/SOURCES.txt'
writing manifest file '../../build/swarm_control/swarm_control.egg-info/SOURCES.txt'
running build
running build_py
creating /home/kelvo/ros2_swarm_ws/build/swarm_control/build
creating /home/kelvo/ros2_swarm_ws/build/swarm_control/build/lib
creating /home/kelvo/ros2_swarm_ws/build/swarm_control/build/lib/swarm_control
copying swarm_control/__init__.py -> /home/kelvo/ros2_swarm_ws/build/swarm_control/build/lib/swarm_control
copying swarm_control/swarm_controller.py -> /home/kelvo/ros2_swarm_ws/build/swarm_control/build/lib/swarm_control
running install
running install_lib
creating /home/kelvo/ros2_swarm_ws/install/swarm_control/lib/python3.12/site-packages/swarm_control
copying /home/kelvo/ros2_swarm_ws/build/swarm_control/build/lib/swarm_control/__init__.py -> /home/kelvo/ros2_swarm_ws/install/swarm_control/lib/python3.12/site-packages/swarm_control
copying /home/kelvo/ros2_swarm_ws/build/swarm_control/build/lib/swarm_control/swarm_controller.py -> /home/kelvo/ros2_swarm_ws/install/swarm_control/lib/python3.12/site-packages/swarm_control
byte-compiling /home/kelvo/ros2_swarm_ws/install/swarm_control/lib/python3.12/site-packages/swarm_control/__init__.py to __init__.cpython-312.pyc
byte-compiling /home/kelvo/ros2_swarm_ws/install/swarm_control/lib/python3.12/site-packages/swarm_control/swarm_controller.py to swarm_controller.cpython-312.pyc
running install_data
running install_egg_info
removing '/home/kelvo/ros2_swarm_ws/install/swarm_control/lib/python3.12/site-packages/swarm_control-0.0.0-py3.12.egg-info' (and everything under it)
Copying ../../build/swarm_control/swarm_control.egg-info to /home/kelvo/ros2_swarm_ws/install/swarm_control/lib/python3.12/site-packages/swarm_control-0.0.0-py3.12.egg-info
running install_scripts
Installing swarm_controller script to /home/kelvo/ros2_swarm_ws/install/swarm_control/lib/swarm_control
writing list of installed files to '/home/kelvo/ros2_swarm_ws/build/swarm_control/install.log'
