[0.255s] Invoking command in '/home/kelvo/ros2_swarm_ws/build/swarm_sim': CMAKE_PREFIX_PATH=${CMAKE_PREFIX_PATH}:/home/kelvo/ros2_swarm_ws/install/swarm_control:/home/kelvo/ros2_ws/install/py_pubsub:/home/kelvo/ros2_ws/install/my_package:/home/kelvo/ros2_ws/install/multi_robot_demo:/home/kelvo/ros2_ws/install/launch_testing_examples:/home/kelvo/ros2_ws/install/examples_rclpy_pointcloud_publisher:/home/kelvo/ros2_ws/install/examples_rclpy_minimal_subscriber:/home/kelvo/ros2_ws/install/examples_rclpy_minimal_service:/home/kelvo/ros2_ws/install/examples_rclpy_minimal_publisher:/home/kelvo/ros2_ws/install/examples_rclpy_minimal_client:/home/kelvo/ros2_ws/install/examples_rclpy_minimal_action_server:/home/kelvo/ros2_ws/install/examples_rclpy_minimal_action_client:/home/kelvo/ros2_ws/install/examples_rclpy_guard_conditions:/home/kelvo/ros2_ws/install/examples_rclpy_executors:/opt/ros/jazzy DEBUGINFOD_URLS=https://debuginfod.ubuntu.com /usr/bin/cmake --build /home/kelvo/ros2_swarm_ws/build/swarm_sim -- -j22 -l22
[0.334s] Invoked command in '/home/kelvo/ros2_swarm_ws/build/swarm_sim' returned '0': CMAKE_PREFIX_PATH=${CMAKE_PREFIX_PATH}:/home/kelvo/ros2_swarm_ws/install/swarm_control:/home/kelvo/ros2_ws/install/py_pubsub:/home/kelvo/ros2_ws/install/my_package:/home/kelvo/ros2_ws/install/multi_robot_demo:/home/kelvo/ros2_ws/install/launch_testing_examples:/home/kelvo/ros2_ws/install/examples_rclpy_pointcloud_publisher:/home/kelvo/ros2_ws/install/examples_rclpy_minimal_subscriber:/home/kelvo/ros2_ws/install/examples_rclpy_minimal_service:/home/kelvo/ros2_ws/install/examples_rclpy_minimal_publisher:/home/kelvo/ros2_ws/install/examples_rclpy_minimal_client:/home/kelvo/ros2_ws/install/examples_rclpy_minimal_action_server:/home/kelvo/ros2_ws/install/examples_rclpy_minimal_action_client:/home/kelvo/ros2_ws/install/examples_rclpy_guard_conditions:/home/kelvo/ros2_ws/install/examples_rclpy_executors:/opt/ros/jazzy DEBUGINFOD_URLS=https://debuginfod.ubuntu.com /usr/bin/cmake --build /home/kelvo/ros2_swarm_ws/build/swarm_sim -- -j22 -l22
[0.352s] Invoking command in '/home/kelvo/ros2_swarm_ws/build/swarm_sim': CMAKE_PREFIX_PATH=${CMAKE_PREFIX_PATH}:/home/kelvo/ros2_swarm_ws/install/swarm_control:/home/kelvo/ros2_ws/install/py_pubsub:/home/kelvo/ros2_ws/install/my_package:/home/kelvo/ros2_ws/install/multi_robot_demo:/home/kelvo/ros2_ws/install/launch_testing_examples:/home/kelvo/ros2_ws/install/examples_rclpy_pointcloud_publisher:/home/kelvo/ros2_ws/install/examples_rclpy_minimal_subscriber:/home/kelvo/ros2_ws/install/examples_rclpy_minimal_service:/home/kelvo/ros2_ws/install/examples_rclpy_minimal_publisher:/home/kelvo/ros2_ws/install/examples_rclpy_minimal_client:/home/kelvo/ros2_ws/install/examples_rclpy_minimal_action_server:/home/kelvo/ros2_ws/install/examples_rclpy_minimal_action_client:/home/kelvo/ros2_ws/install/examples_rclpy_guard_conditions:/home/kelvo/ros2_ws/install/examples_rclpy_executors:/opt/ros/jazzy DEBUGINFOD_URLS=https://debuginfod.ubuntu.com /usr/bin/cmake --install /home/kelvo/ros2_swarm_ws/build/swarm_sim
[0.365s] -- Install configuration: ""
[0.365s] -- Up-to-date: /home/kelvo/ros2_swarm_ws/install/swarm_sim/share/ament_index/resource_index/package_run_dependencies/swarm_sim
[0.365s] -- Up-to-date: /home/kelvo/ros2_swarm_ws/install/swarm_sim/share/ament_index/resource_index/parent_prefix_path/swarm_sim
[0.365s] -- Up-to-date: /home/kelvo/ros2_swarm_ws/install/swarm_sim/share/swarm_sim/environment/ament_prefix_path.sh
[0.365s] -- Up-to-date: /home/kelvo/ros2_swarm_ws/install/swarm_sim/share/swarm_sim/environment/ament_prefix_path.dsv
[0.365s] -- Up-to-date: /home/kelvo/ros2_swarm_ws/install/swarm_sim/share/swarm_sim/environment/path.sh
[0.366s] -- Up-to-date: /home/kelvo/ros2_swarm_ws/install/swarm_sim/share/swarm_sim/environment/path.dsv
[0.366s] -- Up-to-date: /home/kelvo/ros2_swarm_ws/install/swarm_sim/share/swarm_sim/local_setup.bash
[0.366s] -- Up-to-date: /home/kelvo/ros2_swarm_ws/install/swarm_sim/share/swarm_sim/local_setup.sh
[0.366s] -- Up-to-date: /home/kelvo/ros2_swarm_ws/install/swarm_sim/share/swarm_sim/local_setup.zsh
[0.366s] -- Up-to-date: /home/kelvo/ros2_swarm_ws/install/swarm_sim/share/swarm_sim/local_setup.dsv
[0.366s] -- Installing: /home/kelvo/ros2_swarm_ws/install/swarm_sim/share/swarm_sim/package.dsv
[0.366s] -- Up-to-date: /home/kelvo/ros2_swarm_ws/install/swarm_sim/share/ament_index/resource_index/packages/swarm_sim
[0.367s] -- Up-to-date: /home/kelvo/ros2_swarm_ws/install/swarm_sim/share/swarm_sim/cmake/swarm_simConfig.cmake
[0.367s] -- Up-to-date: /home/kelvo/ros2_swarm_ws/install/swarm_sim/share/swarm_sim/cmake/swarm_simConfig-version.cmake
[0.367s] -- Up-to-date: /home/kelvo/ros2_swarm_ws/install/swarm_sim/share/swarm_sim/package.xml
[0.369s] Invoked command in '/home/kelvo/ros2_swarm_ws/build/swarm_sim' returned '0': CMAKE_PREFIX_PATH=${CMAKE_PREFIX_PATH}:/home/kelvo/ros2_swarm_ws/install/swarm_control:/home/kelvo/ros2_ws/install/py_pubsub:/home/kelvo/ros2_ws/install/my_package:/home/kelvo/ros2_ws/install/multi_robot_demo:/home/kelvo/ros2_ws/install/launch_testing_examples:/home/kelvo/ros2_ws/install/examples_rclpy_pointcloud_publisher:/home/kelvo/ros2_ws/install/examples_rclpy_minimal_subscriber:/home/kelvo/ros2_ws/install/examples_rclpy_minimal_service:/home/kelvo/ros2_ws/install/examples_rclpy_minimal_publisher:/home/kelvo/ros2_ws/install/examples_rclpy_minimal_client:/home/kelvo/ros2_ws/install/examples_rclpy_minimal_action_server:/home/kelvo/ros2_ws/install/examples_rclpy_minimal_action_client:/home/kelvo/ros2_ws/install/examples_rclpy_guard_conditions:/home/kelvo/ros2_ws/install/examples_rclpy_executors:/opt/ros/jazzy DEBUGINFOD_URLS=https://debuginfod.ubuntu.com /usr/bin/cmake --install /home/kelvo/ros2_swarm_ws/build/swarm_sim
