[0.894s] Invoking command in '/home/kelvo/ros2_swarm_ws/src/swarm_control': DEBUGINFOD_URLS=https://debuginfod.ubuntu.com PYTHONPATH=/home/kelvo/ros2_swarm_ws/build/swarm_control/prefix_override:/usr/lib/python3/dist-packages/colcon_core/task/python/colcon_distutils_commands:/home/kelvo/ros2_swarm_ws/install/swarm_control/lib/python3.12/site-packages:${PYTHONPATH} /usr/bin/python3 -W ignore:setup.py install is deprecated -W ignore:easy_install command is deprecated setup.py egg_info --egg-base ../../build/swarm_control build --build-base /home/kelvo/ros2_swarm_ws/build/swarm_control/build install --record /home/kelvo/ros2_swarm_ws/build/swarm_control/install.log --single-version-externally-managed install_data
[1.172s] running egg_info
[1.190s] writing ../../build/swarm_control/swarm_control.egg-info/PKG-INFO
[1.190s] writing dependency_links to ../../build/swarm_control/swarm_control.egg-info/dependency_links.txt
[1.190s] writing entry points to ../../build/swarm_control/swarm_control.egg-info/entry_points.txt
[1.191s] writing requirements to ../../build/swarm_control/swarm_control.egg-info/requires.txt
[1.191s] writing top-level names to ../../build/swarm_control/swarm_control.egg-info/top_level.txt
[1.230s] reading manifest file '../../build/swarm_control/swarm_control.egg-info/SOURCES.txt'
[1.230s] writing manifest file '../../build/swarm_control/swarm_control.egg-info/SOURCES.txt'
[1.231s] running build
[1.231s] running build_py
[1.231s] copying swarm_control/swarm_logic.py -> /home/kelvo/ros2_swarm_ws/build/swarm_control/build/lib/swarm_control
[1.231s] copying swarm_control/update_params.py -> /home/kelvo/ros2_swarm_ws/build/swarm_control/build/lib/swarm_control
[1.231s] running install
[1.237s] running install_lib
[1.257s] copying /home/kelvo/ros2_swarm_ws/build/swarm_control/build/lib/swarm_control/swarm_logic.py -> /home/kelvo/ros2_swarm_ws/install/swarm_control/lib/python3.12/site-packages/swarm_control
[1.257s] copying /home/kelvo/ros2_swarm_ws/build/swarm_control/build/lib/swarm_control/update_params.py -> /home/kelvo/ros2_swarm_ws/install/swarm_control/lib/python3.12/site-packages/swarm_control
[1.258s] byte-compiling /home/kelvo/ros2_swarm_ws/install/swarm_control/lib/python3.12/site-packages/swarm_control/swarm_logic.py to swarm_logic.cpython-312.pyc
[1.259s] byte-compiling /home/kelvo/ros2_swarm_ws/install/swarm_control/lib/python3.12/site-packages/swarm_control/update_params.py to update_params.cpython-312.pyc
[1.260s] running install_data
[1.260s] running install_egg_info
[1.280s] removing '/home/kelvo/ros2_swarm_ws/install/swarm_control/lib/python3.12/site-packages/swarm_control-0.0.0-py3.12.egg-info' (and everything under it)
[1.281s] Copying ../../build/swarm_control/swarm_control.egg-info to /home/kelvo/ros2_swarm_ws/install/swarm_control/lib/python3.12/site-packages/swarm_control-0.0.0-py3.12.egg-info
[1.282s] running install_scripts
[1.431s] Installing swarm_controller script to /home/kelvo/ros2_swarm_ws/install/swarm_control/lib/swarm_control
[1.431s] writing list of installed files to '/home/kelvo/ros2_swarm_ws/build/swarm_control/install.log'
[1.474s] Invoked command in '/home/kelvo/ros2_swarm_ws/src/swarm_control' returned '0': DEBUGINFOD_URLS=https://debuginfod.ubuntu.com PYTHONPATH=/home/kelvo/ros2_swarm_ws/build/swarm_control/prefix_override:/usr/lib/python3/dist-packages/colcon_core/task/python/colcon_distutils_commands:/home/kelvo/ros2_swarm_ws/install/swarm_control/lib/python3.12/site-packages:${PYTHONPATH} /usr/bin/python3 -W ignore:setup.py install is deprecated -W ignore:easy_install command is deprecated setup.py egg_info --egg-base ../../build/swarm_control build --build-base /home/kelvo/ros2_swarm_ws/build/swarm_control/build install --record /home/kelvo/ros2_swarm_ws/build/swarm_control/install.log --single-version-externally-managed install_data
